This file contains any messages produced by compilers while
running configure, to aid debugging if configure makes a mistake.

It was created by bib2html configure 2.1.6, which was
generated by GNU Autoconf 2.61.  Invocation command line was

  $ configure 

## --------- ##
## Platform. ##
## --------- ##

hostname = cyrussmith.irisa.fr
uname -m = i386
uname -r = 9.6.0
uname -s = Darwin
uname -v = Darwin Kernel Version 9.6.0: Mon Nov 24 17:37:00 PST 2008; root:xnu-1228.9.59~1/RELEASE_I386

/usr/bin/uname -p = i386
/bin/uname -X     = unknown

/bin/arch              = unknown
/usr/bin/arch -k       = unknown
/usr/convex/getsysinfo = unknown
/usr/bin/hostinfo      = Mach kernel version:
	 Darwin Kernel Version 9.6.0: Mon Nov 24 17:37:00 PST 2008; root:xnu-1228.9.59~1/RELEASE_I386
Kernel configured for up to 2 processors.
2 processors are physically available.
2 processors are logically available.
Processor type: i486 (Intel 80486)
Processors active: 0 1
Primary memory available: 4.00 gigabytes
Default processor set: 75 tasks, 271 threads, 2 processors
Load average: 0.26, Mach factor: 1.72
/bin/machine           = unknown
/usr/bin/oslevel       = unknown
/bin/universe          = unknown

PATH: /usr/local/Trolltech/Qt-4.3.4//bin
PATH: /usr/local/Trolltech/Qt-4.3.4/bin
PATH: /sw/bin/bin/
PATH: /usr/local/bin
PATH: /usr/bin
PATH: /usr/texbin/
PATH: .
PATH: /sw/bin
PATH: /sw/sbin
PATH: /Users/marchand/local/bin/
PATH: /opt/local/bin/
PATH: /usr/bin
PATH: /bin
PATH: /usr/sbin
PATH: /sbin
PATH: /usr/local/bin
PATH: /usr/texbin
PATH: /usr/X11/bin


## ----------- ##
## Core tests. ##
## ----------- ##

configure:1768: checking for g++
configure:1784: found /usr/bin/g++
configure:1795: result: g++
configure:1826: checking for C++ compiler version
configure:1833: g++ --version >&5
i686-apple-darwin9-g++-4.0.1 (GCC) 4.0.1 (Apple Inc. build 5484)
Copyright (C) 2005 Free Software Foundation, Inc.
This is free software; see the source for copying conditions.  There is NO
warranty; not even for MERCHANTABILITY or FITNESS FOR A PARTICULAR PURPOSE.

configure:1836: $? = 0
configure:1843: g++ -v >&5
Using built-in specs.
Target: i686-apple-darwin9
Configured with: /var/tmp/gcc/gcc-5484~1/src/configure --disable-checking -enable-werror --prefix=/usr --mandir=/share/man --enable-languages=c,objc,c++,obj-c++ --program-transform-name=/^[cg][^.-]*$/s/$/-4.0/ --with-gxx-include-dir=/include/c++/4.0.0 --with-slibdir=/usr/lib --build=i686-apple-darwin9 --with-arch=apple --with-tune=generic --host=i686-apple-darwin9 --target=i686-apple-darwin9
Thread model: posix
gcc version 4.0.1 (Apple Inc. build 5484)
configure:1846: $? = 0
configure:1853: g++ -V >&5
g++-4.0: argument to `-V' is missing
configure:1856: $? = 1
configure:1879: checking for C++ compiler default output file name
configure:1906: g++ -I/sw/include -I/sw/include -dylib_file /System/Library/Frameworks/OpenGL.framework/Versions/A/Libraries/libGL.dylib:/System/Library/Frameworks/OpenGL.framework/Versions/A/Libraries/libGL.dylib conftest.cpp  >&5
configure:1909: $? = 0
configure:1947: result: a.out
configure:1964: checking whether the C++ compiler works
configure:1974: ./a.out
configure:1977: $? = 0
configure:1994: result: yes
configure:2001: checking whether we are cross compiling
configure:2003: result: no
configure:2006: checking for suffix of executables
configure:2013: g++ -o conftest -I/sw/include -I/sw/include -dylib_file /System/Library/Frameworks/OpenGL.framework/Versions/A/Libraries/libGL.dylib:/System/Library/Frameworks/OpenGL.framework/Versions/A/Libraries/libGL.dylib conftest.cpp  >&5
configure:2016: $? = 0
configure:2040: result: 
configure:2046: checking for suffix of object files
configure:2072: g++ -c -I/sw/include -I/sw/include conftest.cpp >&5
configure:2075: $? = 0
configure:2098: result: o
configure:2102: checking whether we are using the GNU C++ compiler
configure:2131: g++ -c -I/sw/include -I/sw/include conftest.cpp >&5
configure:2137: $? = 0
configure:2154: result: yes
configure:2159: checking whether g++ accepts -g
configure:2189: g++ -c -g -I/sw/include conftest.cpp >&5
configure:2195: $? = 0
configure:2294: result: yes
configure:2360: checking for ranlib
configure:2376: found /usr/bin/ranlib
configure:2387: result: ranlib
configure:2456: checking for ar
configure:2472: found /usr/bin/ar
configure:2483: result: ar crs
configure:2511: checking for dot
configure:2527: found /usr/local/bin/dot
configure:2539: result: YES
configure:2561: checking for a BSD-compatible install
configure:2617: result: /usr/bin/install -c
configure:2628: checking whether make sets $(MAKE)
configure:2649: result: yes
configure:2713: checking for gcc
configure:2729: found /usr/bin/gcc
configure:2740: result: gcc
configure:2978: checking for C compiler version
configure:2985: gcc --version >&5
i686-apple-darwin9-gcc-4.0.1 (GCC) 4.0.1 (Apple Inc. build 5484)
Copyright (C) 2005 Free Software Foundation, Inc.
This is free software; see the source for copying conditions.  There is NO
warranty; not even for MERCHANTABILITY or FITNESS FOR A PARTICULAR PURPOSE.

configure:2988: $? = 0
configure:2995: gcc -v >&5
Using built-in specs.
Target: i686-apple-darwin9
Configured with: /var/tmp/gcc/gcc-5484~1/src/configure --disable-checking -enable-werror --prefix=/usr --mandir=/share/man --enable-languages=c,objc,c++,obj-c++ --program-transform-name=/^[cg][^.-]*$/s/$/-4.0/ --with-gxx-include-dir=/include/c++/4.0.0 --with-slibdir=/usr/lib --build=i686-apple-darwin9 --with-arch=apple --with-tune=generic --host=i686-apple-darwin9 --target=i686-apple-darwin9
Thread model: posix
gcc version 4.0.1 (Apple Inc. build 5484)
configure:2998: $? = 0
configure:3005: gcc -V >&5
gcc-4.0: argument to `-V' is missing
configure:3008: $? = 1
configure:3011: checking whether we are using the GNU C compiler
configure:3040: gcc -c -I/sw/include -I/sw/include conftest.c >&5
configure:3046: $? = 0
configure:3063: result: yes
configure:3068: checking whether gcc accepts -g
configure:3098: gcc -c -g -I/sw/include conftest.c >&5
configure:3104: $? = 0
configure:3203: result: yes
configure:3220: checking for gcc option to accept ISO C89
configure:3294: gcc  -c -I/sw/include -I/sw/include conftest.c >&5
configure:3300: $? = 0
configure:3323: result: none needed
configure:3343: checking for main in -lm
configure:3372: gcc -o conftest -I/sw/include -I/sw/include -dylib_file /System/Library/Frameworks/OpenGL.framework/Versions/A/Libraries/libGL.dylib:/System/Library/Frameworks/OpenGL.framework/Versions/A/Libraries/libGL.dylib conftest.c -lm   >&5
configure:3378: $? = 0
configure:3396: result: yes
configure:3435: checking whether to enable debugging
configure:3453: result: no
configure:3655: creating ./config.status

## ---------------------- ##
## Running config.status. ##
## ---------------------- ##

This file was extended by bib2html config.status 2.1.6, which was
generated by GNU Autoconf 2.61.  Invocation command line was

  CONFIG_FILES    = 
  CONFIG_HEADERS  = 
  CONFIG_LINKS    = 
  CONFIG_COMMANDS = 
  $ ./config.status 

on cyrussmith.irisa.fr

config.status:631: creating configs/build.mk
config.status:631: creating Makefile
config.status:631: creating src/Makefile
config.status:631: creating src/config/Makefile
config.status:631: creating src/database/Makefile
config.status:631: creating src/entry/Makefile
config.status:631: creating src/field/Makefile
config.status:631: creating src/tools/Makefile
config.status:631: creating src/main/Makefile
config.status:631: creating example/Makefile
config.status:631: creating example/bib/config.cnf
config.status:631: creating example/bib/html.cnf
config.status:631: creating example/bib/Makefile
config.status:631: creating example/tex/Makefile
config.status:631: creating example/tex/publi.tex
config.status:631: creating example/tex/em.tex

## ---------------- ##
## Cache variables. ##
## ---------------- ##

ac_cv_c_compiler_gnu=yes
ac_cv_cxx_compiler_gnu=yes
ac_cv_env_CCC_set=
ac_cv_env_CCC_value=
ac_cv_env_CC_set=
ac_cv_env_CC_value=
ac_cv_env_CFLAGS_set=set
ac_cv_env_CFLAGS_value=-I/sw/include
ac_cv_env_CPPFLAGS_set=set
ac_cv_env_CPPFLAGS_value=-I/sw/include
ac_cv_env_CXXFLAGS_set=set
ac_cv_env_CXXFLAGS_value=-I/sw/include
ac_cv_env_CXX_set=
ac_cv_env_CXX_value=
ac_cv_env_LDFLAGS_set=set
ac_cv_env_LDFLAGS_value='-dylib_file /System/Library/Frameworks/OpenGL.framework/Versions/A/Libraries/libGL.dylib:/System/Library/Frameworks/OpenGL.framework/Versions/A/Libraries/libGL.dylib'
ac_cv_env_LIBS_set=
ac_cv_env_LIBS_value=
ac_cv_env_build_alias_set=
ac_cv_env_build_alias_value=
ac_cv_env_host_alias_set=
ac_cv_env_host_alias_value=
ac_cv_env_target_alias_set=
ac_cv_env_target_alias_value=
ac_cv_lib_m_main=yes
ac_cv_objext=o
ac_cv_path_install='/usr/bin/install -c'
ac_cv_prog_HAVE_DOT=YES
ac_cv_prog_ac_ct_AR='ar crs'
ac_cv_prog_ac_ct_CC=gcc
ac_cv_prog_ac_ct_CXX=g++
ac_cv_prog_ac_ct_RANLIB=ranlib
ac_cv_prog_cc_c89=
ac_cv_prog_cc_g=yes
ac_cv_prog_cxx_g=yes
ac_cv_prog_make_make_set=yes

## ----------------- ##
## Output variables. ##
## ----------------- ##

AR='ar crs'
B2H_HOME='/Users/marchand/code/bib2html/bib2html'
B2H_LIBNAME='bib2html-2.1.6'
CC='gcc'
CFLAGS='-I/sw/include'
CPPFLAGS='-I/sw/include -D__Darwin_'
CXX='g++'
CXXFLAGS='-I/sw/include -Wall -Wunused  -Wno-deprecated  -I..'
CXX_VERSION='4.0.1'
DEFS='-DPACKAGE_NAME=\"bib2html\" -DPACKAGE_TARNAME=\"bib2html\" -DPACKAGE_VERSION=\"2.1.6\" -DPACKAGE_STRING=\"bib2html\ 2.1.6\" -DPACKAGE_BUGREPORT=\"marchand@irisa.fr\" -DHAVE_LIBM=1'
ECHO_C='ECHO_N=''
ECHO_T=''
EXEEXT=''
HAVE_DOT='YES'
INSTALL_DATA='${INSTALL} -m 644'
INSTALL_PROGRAM='${INSTALL}'
INSTALL_SCRIPT='${INSTALL}'
LDFLAGS='-dylib_file /System/Library/Frameworks/OpenGL.framework/Versions/A/Libraries/libGL.dylib:/System/Library/Frameworks/OpenGL.framework/Versions/A/Libraries/libGL.dylib -L/Users/marchand/code/bib2html/bib2html/lib'
LIBOBJS=''
LIBS='-lbib2html-2.1.6 -lm '
LTLIBOBJS=''
OBJEXT='o'
OS='Darwin'
PACKAGE_BUGREPORT='marchand@irisa.fr'
PACKAGE_NAME='bib2html'
PACKAGE_STRING='bib2html 2.1.6'
PACKAGE_TARNAME='bib2html'
PACKAGE_VERSION='2.1.6'
PATH_SEPARATOR=':'
RANLIB='ranlib'
SET_MAKE=''
SHELL='/bin/sh'
SUFFIX=''
ac_ct_CC='gcc'
ac_ct_CXX='g++'
ac_hostname='cyrussmith.irisa.fr'
bindir='${exec_prefix}/bin'
build_alias=''
datadir='${datarootdir}'
datarootdir='${prefix}/share'
docdir='${datarootdir}/doc/${PACKAGE_TARNAME}'
dvidir='${docdir}'
exec_prefix='${prefix}'
host_alias=''
htmldir='${docdir}'
includedir='${prefix}/include'
infodir='${datarootdir}/info'
libdir='${exec_prefix}/lib'
libexecdir='${exec_prefix}/libexec'
localedir='${datarootdir}/locale'
localstatedir='${prefix}/var'
mandir='${datarootdir}/man'
oldincludedir='/usr/include'
pdfdir='${docdir}'
prefix='/usr/local'
program_transform_name='s,x,x,'
psdir='${docdir}'
sbindir='${exec_prefix}/sbin'
sharedstatedir='${prefix}/com'
sysconfdir='${prefix}/etc'
target_alias=''

## ------------------- ##
## File substitutions. ##
## ------------------- ##

bin_mk='/Users/marchand/code/bib2html/bib2html/configs/bin.mk'
build_mk='/Users/marchand/code/bib2html/bib2html/configs/build.mk'
clean_mk='/Users/marchand/code/bib2html/bib2html/configs/clean.mk'
debug_mk='/Users/marchand/code/bib2html/bib2html/configs/debug.mk'
directory_mk='/Users/marchand/code/bib2html/bib2html/configs/directory.mk'
lib_mk='/Users/marchand/code/bib2html/bib2html/configs/lib.mk'
uninstall_mk='/Users/marchand/code/bib2html/bib2html/configs/uninstall.mk'

## ----------- ##
## confdefs.h. ##
## ----------- ##

#define PACKAGE_NAME "bib2html"
#define PACKAGE_TARNAME "bib2html"
#define PACKAGE_VERSION "2.1.6"
#define PACKAGE_STRING "bib2html 2.1.6"
#define PACKAGE_BUGREPORT "marchand@irisa.fr"
#define HAVE_LIBM 1

configure: exit 0
